c:\users\pad\documents\github\directx11-showcase\dx11showcase\x64\debug\vc142.pdb
c:\users\pad\documents\github\directx11-showcase\dx11showcase\x64\debug\vc142.idb
c:\users\pad\documents\github\directx11-showcase\dx11showcase\x64\debug\window.obj
c:\users\pad\documents\github\directx11-showcase\dx11showcase\x64\debug\main.obj
c:\users\pad\documents\github\directx11-showcase\dx11showcase\x64\debug\engine.obj
c:\users\pad\documents\github\directx11-showcase\dx11showcase\x64\debug\dx11.obj
c:\users\pad\documents\github\directx11-showcase\dx11showcase\x64\debug\timer.obj
c:\users\pad\documents\github\directx11-showcase\dx11showcase\x64\debug\scene.obj
c:\users\pad\documents\github\directx11-showcase\dx11showcase\x64\debug\testscene.obj
c:\users\pad\documents\github\directx11-showcase\dx11showcase\x64\debug\testscene2.obj
c:\users\pad\documents\github\directx11-showcase\dx11showcase\x64\debug\camera.obj
c:\users\pad\documents\github\directx11-showcase\dx11showcase\x64\debug\shader.obj
c:\users\pad\documents\github\directx11-showcase\dx11showcase\x64\debug\model.obj
c:\users\pad\documents\github\directx11-showcase\dx11showcase\x64\debug\light.obj
c:\users\pad\documents\github\directx11-showcase\dx11showcase\x64\debug\psdefault.cso
c:\users\pad\documents\github\directx11-showcase\dx11showcase\x64\debug\vsdefault.cso
c:\users\pad\documents\github\directx11-showcase\dx11showcase\x64\debug\dx11showcase.exe
c:\users\pad\documents\github\directx11-showcase\dx11showcase\x64\debug\dx11showcase.ilk
c:\users\pad\documents\github\directx11-showcase\dx11showcase\x64\debug\dx11showcase.pdb
c:\users\pad\documents\github\directx11-showcase\dx11showcase\x64\debug\dx11showcase.tlog\cl.command.1.tlog
c:\users\pad\documents\github\directx11-showcase\dx11showcase\x64\debug\dx11showcase.tlog\cl.read.1.tlog
c:\users\pad\documents\github\directx11-showcase\dx11showcase\x64\debug\dx11showcase.tlog\cl.write.1.tlog
c:\users\pad\documents\github\directx11-showcase\dx11showcase\x64\debug\dx11showcase.tlog\fxc.command.1.tlog
c:\users\pad\documents\github\directx11-showcase\dx11showcase\x64\debug\dx11showcase.tlog\fxc.read.1.tlog
c:\users\pad\documents\github\directx11-showcase\dx11showcase\x64\debug\dx11showcase.tlog\fxc.write.1.tlog
c:\users\pad\documents\github\directx11-showcase\dx11showcase\x64\debug\dx11showcase.tlog\link.command.1.tlog
c:\users\pad\documents\github\directx11-showcase\dx11showcase\x64\debug\dx11showcase.tlog\link.read.1.tlog
c:\users\pad\documents\github\directx11-showcase\dx11showcase\x64\debug\dx11showcase.tlog\link.write.1.tlog
